DEBUG:kafka.producer.kafka:<KafkaProducer client_id=kafka-python-producer-1 transactional_id=None>: Starting Kafka producer
DEBUG:kafka.metrics.metrics:Added sensor with name connections-closed
DEBUG:kafka.metrics.metrics:Added sensor with name connections-created
DEBUG:kafka.metrics.metrics:Added sensor with name select-time
DEBUG:kafka.metrics.metrics:Added sensor with name io-time
DEBUG:kafka.client:Attempting to check version with node bootstrap-0
DEBUG:kafka.client:Initiating connection to node bootstrap-0 at localhost:9092
DEBUG:kafka.metrics.metrics:Added sensor with name bytes-sent-received
DEBUG:kafka.metrics.metrics:Added sensor with name bytes-sent
DEBUG:kafka.metrics.metrics:Added sensor with name bytes-received
DEBUG:kafka.metrics.metrics:Added sensor with name request-latency
DEBUG:kafka.metrics.metrics:Added sensor with name throttle-time
DEBUG:kafka.metrics.metrics:Added sensor with name node-bootstrap-0.bytes-sent
DEBUG:kafka.metrics.metrics:Added sensor with name node-bootstrap-0.bytes-received
DEBUG:kafka.metrics.metrics:Added sensor with name node-bootstrap-0.latency
DEBUG:kafka.metrics.metrics:Added sensor with name node-bootstrap-0.throttle
DEBUG:kafka.conn:<BrokerConnection client_id=kafka-python-producer-1, node_id=bootstrap-0 host=localhost:9092 <connecting> [unspecified None]>: creating new socket
DEBUG:kafka.conn:<BrokerConnection client_id=kafka-python-producer-1, node_id=bootstrap-0 host=localhost:9092 <connecting> [IPv6 ('::1', 9092, 0, 0)]>: setting socket option (6, 1, 1)
INFO:kafka.conn:<BrokerConnection client_id=kafka-python-producer-1, node_id=bootstrap-0 host=localhost:9092 <connecting> [IPv6 ('::1', 9092, 0, 0)]>: connecting to localhost:9092 [('::1', 9092, 0, 0) IPv6]
DEBUG:kafka.client:Timeouts: user 200.000000, metadata inf, idle connection inf, request inf
DEBUG:kafka.conn:<BrokerConnection client_id=kafka-python-producer-1, node_id=bootstrap-0 host=localhost:9092 <connecting> [IPv6 ('::1', 9092, 0, 0)]>: established TCP connection
DEBUG:kafka.conn:<BrokerConnection client_id=kafka-python-producer-1, node_id=bootstrap-0 host=localhost:9092 <checking_api_versions_send> [IPv6 ('::1', 9092, 0, 0)]>: checking broker Api Versions
DEBUG:kafka.protocol.parser:Sending request ApiVersionsRequest_v4(client_software_name='kafka-python', client_software_version='2.2.15', _tagged_fields={})
DEBUG:kafka.conn:<BrokerConnection client_id=kafka-python-producer-1, node_id=bootstrap-0 host=localhost:9092 <checking_api_versions_send> [IPv6 ('::1', 9092, 0, 0)]>: Request 1 (timeout_ms 1000.0): ApiVersionsRequest_v4(client_software_name='kafka-python', client_software_version='2.2.15', _tagged_fields={})
DEBUG:kafka.client:Timeouts: user 200.000000, metadata inf, idle connection inf, request 999.026775
DEBUG:kafka.protocol.parser:Received correlation id: 1
DEBUG:kafka.protocol.parser:Processing response ApiVersionsResponse_v4
DEBUG:kafka.conn:<BrokerConnection client_id=kafka-python-producer-1, node_id=bootstrap-0 host=localhost:9092 <checking_api_versions_recv> [IPv6 ('::1', 9092, 0, 0)]>: Response 1 (4.972696304321289 ms): ApiVersionsResponse_v4(error_code=0, api_versions=[(api_key=0, min_version=0, max_version=11, _tagged_fields={}), (api_key=1, min_version=0, max_version=17, _tagged_fields={}), (api_key=2, min_version=0, max_version=9, _tagged_fields={}), (api_key=3, min_version=0, max_version=12, _tagged_fields={}), (api_key=8, min_version=0, max_version=9, _tagged_fields={}), (api_key=9, min_version=0, max_version=9, _tagged_fields={}), (api_key=10, min_version=0, max_version=6, _tagged_fields={}), (api_key=11, min_version=0, max_version=9, _tagged_fields={}), (api_key=12, min_version=0, max_version=4, _tagged_fields={}), (api_key=13, min_version=0, max_version=5, _tagged_fields={}), (api_key=14, min_version=0, max_version=5, _tagged_fields={}), (api_key=15, min_version=0, max_version=5, _tagged_fields={}), (api_key=16, min_version=0, max_version=5, _tagged_fields={}), (api_key=17, min_version=0, max_version=1, _tagged_fields={}), (api_key=18, min_version=0, max_version=4, _tagged_fields={}), (api_key=19, min_version=0, max_version=7, _tagged_fields={}), (api_key=20, min_version=0, max_version=6, _tagged_fields={}), (api_key=21, min_version=0, max_version=2, _tagged_fields={}), (api_key=22, min_version=0, max_version=5, _tagged_fields={}), (api_key=23, min_version=0, max_version=4, _tagged_fields={}), (api_key=24, min_version=0, max_version=5, _tagged_fields={}), (api_key=25, min_version=0, max_version=4, _tagged_fields={}), (api_key=26, min_version=0, max_version=4, _tagged_fields={}), (api_key=27, min_version=0, max_version=1, _tagged_fields={}), (api_key=28, min_version=0, max_version=4, _tagged_fields={}), (api_key=29, min_version=0, max_version=3, _tagged_fields={}), (api_key=30, min_version=0, max_version=3, _tagged_fields={}), (api_key=31, min_version=0, max_version=3, _tagged_fields={}), (api_key=32, min_version=0, max_version=4, _tagged_fields={}), (api_key=33, min_version=0, max_version=2, _tagged_fields={}), (api_key=34, min_version=0, max_version=2, _tagged_fields={}), (api_key=35, min_version=0, max_version=4, _tagged_fields={}), (api_key=36, min_version=0, max_version=2, _tagged_fields={}), (api_key=37, min_version=0, max_version=3, _tagged_fields={}), (api_key=38, min_version=0, max_version=3, _tagged_fields={}), (api_key=39, min_version=0, max_version=2, _tagged_fields={}), (api_key=40, min_version=0, max_version=2, _tagged_fields={}), (api_key=41, min_version=0, max_version=3, _tagged_fields={}), (api_key=42, min_version=0, max_version=2, _tagged_fields={}), (api_key=43, min_version=0, max_version=2, _tagged_fields={}), (api_key=44, min_version=0, max_version=1, _tagged_fields={}), (api_key=45, min_version=0, max_version=0, _tagged_fields={}), (api_key=46, min_version=0, max_version=0, _tagged_fields={}), (api_key=47, min_version=0, max_version=0, _tagged_fields={}), (api_key=48, min_version=0, max_version=1, _tagged_fields={}), (api_key=49, min_version=0, max_version=1, _tagged_fields={}), (api_key=50, min_version=0, max_version=0, _tagged_fields={}), (api_key=51, min_version=0, max_version=0, _tagged_fields={}), (api_key=55, min_version=0, max_version=2, _tagged_fields={}), (api_key=57, min_version=0, max_version=1, _tagged_fields={}), (api_key=60, min_version=0, max_version=1, _tagged_fields={}), (api_key=61, min_version=0, max_version=0, _tagged_fields={}), (api_key=64, min_version=0, max_version=0, _tagged_fields={}), (api_key=65, min_version=0, max_version=0, _tagged_fields={}), (api_key=66, min_version=0, max_version=1, _tagged_fields={}), (api_key=68, min_version=0, max_version=0, _tagged_fields={}), (api_key=69, min_version=0, max_version=0, _tagged_fields={}), (api_key=74, min_version=0, max_version=0, _tagged_fields={}), (api_key=75, min_version=0, max_version=0, _tagged_fields={}), (api_key=80, min_version=0, max_version=0, _tagged_fields={}), (api_key=81, min_version=0, max_version=0, _tagged_fields={})], throttle_time_ms=0, _tagged_fields={0: b'\x03\x0ekraft.version\x00\x00\x00\x01\x00\x11metadata.version\x00\x01\x00\x15\x00', 1: b'\x00\x00\x00\x00\x00\x00\x18@', 2: b'\x02\x11metadata.version\x00\x15\x00\x15\x00'})
INFO:kafka.conn:<BrokerConnection client_id=kafka-python-producer-1, node_id=bootstrap-0 host=localhost:9092 <checking_api_versions_recv> [IPv6 ('::1', 9092, 0, 0)]>: Broker version identified as 2.6
INFO:kafka.conn:<BrokerConnection client_id=kafka-python-producer-1, node_id=bootstrap-0 host=localhost:9092 <connected> [IPv6 ('::1', 9092, 0, 0)]>: Connection complete.
DEBUG:kafka.client:Node bootstrap-0 connected
DEBUG:kafka.metrics.metrics:Added sensor with name batch-size
DEBUG:kafka.metrics.metrics:Added sensor with name compression-rate
DEBUG:kafka.metrics.metrics:Added sensor with name queue-time
DEBUG:kafka.metrics.metrics:Added sensor with name records-per-request
DEBUG:kafka.metrics.metrics:Added sensor with name bytes
DEBUG:kafka.metrics.metrics:Added sensor with name record-retries
DEBUG:kafka.metrics.metrics:Added sensor with name errors
DEBUG:kafka.metrics.metrics:Added sensor with name record-size-max
DEBUG:kafka.producer.sender:<Sender client_id=kafka-python-producer-1 transactional_id=None>: Starting Kafka producer I/O thread.
DEBUG:kafka.producer.kafka:<KafkaProducer client_id=kafka-python-producer-1 transactional_id=None>: Kafka producer started
DEBUG:kafka.client:Sending metadata request MetadataRequest_v7(topics=[], allow_auto_topic_creation=True) to node bootstrap-0
DEBUG:__main__:Generated JSON: {'message': 'Streaming data is exciting.', 'author': 'Anjana'}
DEBUG:kafka.protocol.parser:Sending request MetadataRequest_v7(topics=[], allow_auto_topic_creation=True)
DEBUG:kafka.conn:<BrokerConnection client_id=kafka-python-producer-1, node_id=bootstrap-0 host=localhost:9092 <connected> [IPv6 ('::1', 9092, 0, 0)]>: Request 2 (timeout_ms 30000): MetadataRequest_v7(topics=[], allow_auto_topic_creation=True)
DEBUG:kafka.producer.kafka:<KafkaProducer client_id=kafka-python-producer-1 transactional_id=None>: Requesting metadata update for topic json-topic-anjana
DEBUG:kafka.client:Timeouts: user 9999999984.000000, metadata 30000.000000, idle connection 539976.000000, request 30000.000000
DEBUG:kafka.client:Timeouts: user 9999999990.000000, metadata 30000.000000, idle connection 539975.000000, request 29998.993397
DEBUG:kafka.protocol.parser:Received correlation id: 2
DEBUG:kafka.protocol.parser:Processing response MetadataResponse_v7
DEBUG:kafka.conn:<BrokerConnection client_id=kafka-python-producer-1, node_id=bootstrap-0 host=localhost:9092 <connected> [IPv6 ('::1', 9092, 0, 0)]>: Response 2 (1.9993782043457031 ms): MetadataResponse_v7(throttle_time_ms=0, brokers=[(node_id=1, host='localhost', port=9092, rack=None)], cluster_id='Hd1Hmb7vSM2J7YUyp8I3Dw', controller_id=1, topics=[])
DEBUG:kafka.cluster:Updated cluster metadata to ClusterMetadata(brokers: 1, topics: 0, coordinators: 0)
DEBUG:kafka.producer.kafka:<KafkaProducer client_id=kafka-python-producer-1 transactional_id=None>: _wait_on_metadata woke after 0.001 secs.
DEBUG:kafka.client:Timeouts: user 9999999990.000000, metadata 299999.000488, idle connection 539973.000000, request inf
DEBUG:kafka.producer.kafka:<KafkaProducer client_id=kafka-python-producer-1 transactional_id=None>: Requesting metadata update for topic json-topic-anjana
DEBUG:kafka.client:Timeouts: user 9999999990.000000, metadata 99.000488, idle connection 539973.000000, request inf
DEBUG:kafka.client:Initializing connection to node 1 for metadata request
DEBUG:kafka.client:Initiating connection to node 1 at localhost:9092
DEBUG:kafka.metrics.metrics:Added sensor with name node-1.bytes-sent
DEBUG:kafka.metrics.metrics:Added sensor with name node-1.bytes-received
DEBUG:kafka.metrics.metrics:Added sensor with name node-1.latency
DEBUG:kafka.metrics.metrics:Added sensor with name node-1.throttle
DEBUG:kafka.conn:<BrokerConnection client_id=kafka-python-producer-1, node_id=1 host=localhost:9092 <connecting> [unspecified None]>: creating new socket
DEBUG:kafka.conn:<BrokerConnection client_id=kafka-python-producer-1, node_id=1 host=localhost:9092 <connecting> [IPv6 ('::1', 9092, 0, 0)]>: setting socket option (6, 1, 1)
INFO:kafka.conn:<BrokerConnection client_id=kafka-python-producer-1, node_id=1 host=localhost:9092 <connecting> [IPv6 ('::1', 9092, 0, 0)]>: connecting to localhost:9092 [('::1', 9092, 0, 0) IPv6]
DEBUG:kafka.client:Timeouts: user 9999999988.000000, metadata inf, idle connection 539872.000000, request inf
DEBUG:kafka.conn:<BrokerConnection client_id=kafka-python-producer-1, node_id=1 host=localhost:9092 <connecting> [IPv6 ('::1', 9092, 0, 0)]>: established TCP connection
DEBUG:kafka.conn:<BrokerConnection client_id=kafka-python-producer-1, node_id=1 host=localhost:9092 <checking_api_versions_send> [IPv6 ('::1', 9092, 0, 0)]>: checking broker Api Versions
DEBUG:kafka.conn:<BrokerConnection client_id=kafka-python-producer-1, node_id=1 host=localhost:9092 <checking_api_versions_send> [IPv6 ('::1', 9092, 0, 0)]>: Using pre-configured api_version (2, 6) for ApiVersions
INFO:kafka.conn:<BrokerConnection client_id=kafka-python-producer-1, node_id=1 host=localhost:9092 <connected> [IPv6 ('::1', 9092, 0, 0)]>: Connection complete.
DEBUG:kafka.client:Node 1 connected
INFO:kafka.conn:<BrokerConnection client_id=kafka-python-producer-1, node_id=bootstrap-0 host=localhost:9092 <connected> [IPv6 ('::1', 9092, 0, 0)]>: Closing connection. 
DEBUG:kafka.client:Sending metadata request MetadataRequest_v7(topics=['json-topic-anjana'], allow_auto_topic_creation=True) to node 1
DEBUG:kafka.protocol.parser:Sending request MetadataRequest_v7(topics=['json-topic-anjana'], allow_auto_topic_creation=True)
DEBUG:kafka.conn:<BrokerConnection client_id=kafka-python-producer-1, node_id=1 host=localhost:9092 <connected> [IPv6 ('::1', 9092, 0, 0)]>: Request 1 (timeout_ms 30000): MetadataRequest_v7(topics=['json-topic-anjana'], allow_auto_topic_creation=True)
DEBUG:kafka.client:Timeouts: user 9999999988.000000, metadata 30000.000000, idle connection 539870.000000, request 30000.000000
DEBUG:kafka.client:Timeouts: user 9999999990.000000, metadata 30000.000000, idle connection 539870.000000, request 30000.000000
DEBUG:kafka.protocol.parser:Received correlation id: 1
DEBUG:kafka.protocol.parser:Processing response MetadataResponse_v7
DEBUG:kafka.conn:<BrokerConnection client_id=kafka-python-producer-1, node_id=1 host=localhost:9092 <connected> [IPv6 ('::1', 9092, 0, 0)]>: Response 1 (5.99980354309082 ms): MetadataResponse_v7(throttle_time_ms=0, brokers=[(node_id=1, host='localhost', port=9092, rack=None)], cluster_id='Hd1Hmb7vSM2J7YUyp8I3Dw', controller_id=1, topics=[(error_code=0, topic='json-topic-anjana', is_internal=False, partitions=[(error_code=0, partition=0, leader=1, leader_epoch=0, replicas=[1], isr=[1], offline_replicas=[])])])
DEBUG:kafka.cluster:Updated cluster metadata to ClusterMetadata(brokers: 1, topics: 1, coordinators: 0)
DEBUG:kafka.producer.kafka:<KafkaProducer client_id=kafka-python-producer-1 transactional_id=None>: _wait_on_metadata woke after 0.112 secs.
DEBUG:kafka.client:Timeouts: user 9999999990.000000, metadata 299999.003906, idle connection 539863.000000, request inf
DEBUG:kafka.producer.kafka:<KafkaProducer client_id=kafka-python-producer-1 transactional_id=None>: Sending (key=None value={'message': 'Streaming data is exciting.', 'author': 'Anjana'} headers=[]) to TopicPartition(topic='json-topic-anjana', partition=0)
DEBUG:kafka.producer.kafka:<KafkaProducer client_id=kafka-python-producer-1 transactional_id=None>: Waking up the sender since TopicPartition(topic='json-topic-anjana', partition=0) is either full or getting a new batch
DEBUG:kafka.metrics.metrics:Added sensor with name topic.json-topic-anjana.records-per-batch
DEBUG:kafka.metrics.metrics:Added sensor with name topic.json-topic-anjana.bytes
DEBUG:kafka.metrics.metrics:Added sensor with name topic.json-topic-anjana.compression-rate
DEBUG:kafka.metrics.metrics:Added sensor with name topic.json-topic-anjana.record-retries
DEBUG:kafka.metrics.metrics:Added sensor with name topic.json-topic-anjana.record-errors
DEBUG:kafka.producer.sender:<Sender client_id=kafka-python-producer-1 transactional_id=None>: Nodes with data ready to send: {1}
DEBUG:kafka.producer.sender:<Sender client_id=kafka-python-producer-1 transactional_id=None>: Created 1 produce requests: {1: ProduceRequest_v7(transactional_id=None, required_acks=1, timeout=30000, topics=[(topic='json-topic-anjana', partitions=[(partition=0, records=b'\x00\x00\x00\x00\x00\x00\x00\x00\x00\x00\x00w\x00\x00\x00\x00\x02\xab\xac\xc3$\x00\x00\x00\x00\x00\x00\x00\x00\x01\x999\x10\xbe~\x00\x00\x01\x999\x10\xbe~\xff\xff\xff\xff\xff\xff\xff\xff\xff\xff\xff\xff\xff\xff\x00\x00\x00\x01\x88\x01\x00\x00\x00\x01|{"message": "Streaming data is e...')])])}
DEBUG:kafka.producer.sender:<Sender client_id=kafka-python-producer-1 transactional_id=None>: Sending Produce Request: ProduceRequest_v7(transactional_id=None, required_acks=1, timeout=30000, topics=[(topic='json-topic-anjana', partitions=[(partition=0, records=b'\x00\x00\x00\x00\x00\x00\x00\x00\x00\x00\x00w\x00\x00\x00\x00\x02\xab\xac\xc3$\x00\x00\x00\x00\x00\x00\x00\x00\x01\x999\x10\xbe~\x00\x00\x01\x999\x10\xbe~\xff\xff\xff\xff\xff\xff\xff\xff\xff\xff\xff\xff\xff\xff\x00\x00\x00\x01\x88\x01\x00\x00\x00\x01|{"message": "Streaming data is e...')])])
DEBUG:kafka.protocol.parser:Sending request ProduceRequest_v7(transactional_id=None, required_acks=1, timeout=30000, topics=[(topic='json-topic-anjana', partitions=[(partition=0, records=b'\x00\x00\x00\x00\x00\x00\x00\x00\x00\x00\x00w\x00\x00\x00\x00\x02\xab\xac\xc3$\x00\x00\x00\x00\x00\x00\x00\x00\x01\x999\x10\xbe~\x00\x00\x01\x999\x10\xbe~\xff\xff\xff\xff\xff\xff\xff\xff\xff\xff\xff\xff\xff\xff\x00\x00\x00\x01\x88\x01\x00\x00\x00\x01|{"message": "Streaming data is e...')])])
DEBUG:kafka.conn:<BrokerConnection client_id=kafka-python-producer-1, node_id=1 host=localhost:9092 <connected> [IPv6 ('::1', 9092, 0, 0)]>: Request 2 (timeout_ms 30000): ProduceRequest_v7(transactional_id=None, required_acks=1, timeout=30000, topics=[(topic='json-topic-anjana', partitions=[(partition=0, records=b'\x00\x00\x00\x00\x00\x00\x00\x00\x00\x00\x00w\x00\x00\x00\x00\x02\xab\xac\xc3$\x00\x00\x00\x00\x00\x00\x00\x00\x01\x999\x10\xbe~\x00\x00\x01\x999\x10\xbe~\xff\xff\xff\xff\xff\xff\xff\xff\xff\xff\xff\xff\xff\xff\x00\x00\x00\x01\x88\x01\x00\x00\x00\x01|{"message": "Streaming data is e...')])])
DEBUG:kafka.client:Timeouts: user 0.000000, metadata 299997.004883, idle connection 539861.000000, request 30000.000000
DEBUG:kafka.client:Timeouts: user 119998.000000, metadata 299997.004883, idle connection 539861.000000, request 30000.000000
DEBUG:kafka.protocol.parser:Received correlation id: 2
DEBUG:kafka.protocol.parser:Processing response ProduceResponse_v7
DEBUG:kafka.conn:<BrokerConnection client_id=kafka-python-producer-1, node_id=1 host=localhost:9092 <connected> [IPv6 ('::1', 9092, 0, 0)]>: Response 2 (5.9986114501953125 ms): ProduceResponse_v7(topics=[(topic='json-topic-anjana', partitions=[(partition=0, error_code=0, offset=10, timestamp=-1, log_start_offset=0)])], throttle_time_ms=0)
DEBUG:kafka.producer.sender:<Sender client_id=kafka-python-producer-1 transactional_id=None>: Parsing produce response: ProduceResponse_v7(topics=[(topic='json-topic-anjana', partitions=[(partition=0, error_code=0, offset=10, timestamp=-1, log_start_offset=0)])], throttle_time_ms=0)
DEBUG:kafka.producer.record_accumulator:Successfully produced messages to TopicPartition(topic='json-topic-anjana', partition=0) with base offset 10
DEBUG:kafka.client:Timeouts: user 9999999990.000000, metadata 299990.003906, idle connection 539854.000000, request inf
DEBUG:__main__:Generated JSON: {'message': 'Kafka makes real-time analytics possible.', 'author': 'Anjana'}
DEBUG:kafka.producer.kafka:<KafkaProducer client_id=kafka-python-producer-1 transactional_id=None>: Sending (key=None value={'message': 'Kafka makes real-time analytics possible.', 'author': 'Anjana'} headers=[]) to TopicPartition(topic='json-topic-anjana', partition=0)
DEBUG:kafka.producer.kafka:<KafkaProducer client_id=kafka-python-producer-1 transactional_id=None>: Waking up the sender since TopicPartition(topic='json-topic-anjana', partition=0) is either full or getting a new batch
DEBUG:kafka.producer.sender:<Sender client_id=kafka-python-producer-1 transactional_id=None>: Nodes with data ready to send: {1}
DEBUG:kafka.producer.sender:<Sender client_id=kafka-python-producer-1 transactional_id=None>: Created 1 produce requests: {1: ProduceRequest_v7(transactional_id=None, required_acks=1, timeout=30000, topics=[(topic='json-topic-anjana', partitions=[(partition=0, records=b'\x00\x00\x00\x00\x00\x00\x00\x00\x00\x00\x00\x86\x00\x00\x00\x00\x02\xae\x8a>\x14\x00\x00\x00\x00\x00\x00\x00\x00\x01\x999\x10\xc2g\x00\x00\x01\x999\x10\xc2g\xff\xff\xff\xff\xff\xff\xff\xff\xff\xff\xff\xff\xff\xff\x00\x00\x00\x01\xa6\x01\x00\x00\x00\x01\x98\x01{"message": "Kafka makes real-t...')])])}
DEBUG:kafka.producer.sender:<Sender client_id=kafka-python-producer-1 transactional_id=None>: Sending Produce Request: ProduceRequest_v7(transactional_id=None, required_acks=1, timeout=30000, topics=[(topic='json-topic-anjana', partitions=[(partition=0, records=b'\x00\x00\x00\x00\x00\x00\x00\x00\x00\x00\x00\x86\x00\x00\x00\x00\x02\xae\x8a>\x14\x00\x00\x00\x00\x00\x00\x00\x00\x01\x999\x10\xc2g\x00\x00\x01\x999\x10\xc2g\xff\xff\xff\xff\xff\xff\xff\xff\xff\xff\xff\xff\xff\xff\x00\x00\x00\x01\xa6\x01\x00\x00\x00\x01\x98\x01{"message": "Kafka makes real-t...')])])
DEBUG:kafka.protocol.parser:Sending request ProduceRequest_v7(transactional_id=None, required_acks=1, timeout=30000, topics=[(topic='json-topic-anjana', partitions=[(partition=0, records=b'\x00\x00\x00\x00\x00\x00\x00\x00\x00\x00\x00\x86\x00\x00\x00\x00\x02\xae\x8a>\x14\x00\x00\x00\x00\x00\x00\x00\x00\x01\x999\x10\xc2g\x00\x00\x01\x999\x10\xc2g\xff\xff\xff\xff\xff\xff\xff\xff\xff\xff\xff\xff\xff\xff\x00\x00\x00\x01\xa6\x01\x00\x00\x00\x01\x98\x01{"message": "Kafka makes real-t...')])])
DEBUG:kafka.conn:<BrokerConnection client_id=kafka-python-producer-1, node_id=1 host=localhost:9092 <connected> [IPv6 ('::1', 9092, 0, 0)]>: Request 3 (timeout_ms 30000): ProduceRequest_v7(transactional_id=None, required_acks=1, timeout=30000, topics=[(topic='json-topic-anjana', partitions=[(partition=0, records=b'\x00\x00\x00\x00\x00\x00\x00\x00\x00\x00\x00\x86\x00\x00\x00\x00\x02\xae\x8a>\x14\x00\x00\x00\x00\x00\x00\x00\x00\x01\x999\x10\xc2g\x00\x00\x01\x999\x10\xc2g\xff\xff\xff\xff\xff\xff\xff\xff\xff\xff\xff\xff\xff\xff\x00\x00\x00\x01\xa6\x01\x00\x00\x00\x01\x98\x01{"message": "Kafka makes real-t...')])])
DEBUG:kafka.client:Timeouts: user 0.000000, metadata 298996.432861, idle connection 538860.000000, request 30000.000000
DEBUG:kafka.client:Timeouts: user 119998.000000, metadata 298996.432861, idle connection 538860.000000, request 30000.000000
DEBUG:kafka.protocol.parser:Received correlation id: 3
DEBUG:kafka.protocol.parser:Processing response ProduceResponse_v7
DEBUG:kafka.conn:<BrokerConnection client_id=kafka-python-producer-1, node_id=1 host=localhost:9092 <connected> [IPv6 ('::1', 9092, 0, 0)]>: Response 3 (2.0012855529785156 ms): ProduceResponse_v7(topics=[(topic='json-topic-anjana', partitions=[(partition=0, error_code=0, offset=11, timestamp=-1, log_start_offset=0)])], throttle_time_ms=0)
DEBUG:kafka.producer.sender:<Sender client_id=kafka-python-producer-1 transactional_id=None>: Parsing produce response: ProduceResponse_v7(topics=[(topic='json-topic-anjana', partitions=[(partition=0, error_code=0, offset=11, timestamp=-1, log_start_offset=0)])], throttle_time_ms=0)
DEBUG:kafka.producer.record_accumulator:Successfully produced messages to TopicPartition(topic='json-topic-anjana', partition=0) with base offset 11
DEBUG:kafka.client:Timeouts: user 9999999990.000000, metadata 298993.432129, idle connection 538857.000000, request inf
DEBUG:__main__:Generated JSON: {'message': 'Python and pandas make life easier.', 'author': 'Anjana'}
DEBUG:kafka.producer.kafka:<KafkaProducer client_id=kafka-python-producer-1 transactional_id=None>: Sending (key=None value={'message': 'Python and pandas make life easier.', 'author': 'Anjana'} headers=[]) to TopicPartition(topic='json-topic-anjana', partition=0)
DEBUG:kafka.producer.kafka:<KafkaProducer client_id=kafka-python-producer-1 transactional_id=None>: Waking up the sender since TopicPartition(topic='json-topic-anjana', partition=0) is either full or getting a new batch
DEBUG:kafka.producer.sender:<Sender client_id=kafka-python-producer-1 transactional_id=None>: Nodes with data ready to send: {1}
DEBUG:kafka.producer.sender:<Sender client_id=kafka-python-producer-1 transactional_id=None>: Created 1 produce requests: {1: ProduceRequest_v7(transactional_id=None, required_acks=1, timeout=30000, topics=[(topic='json-topic-anjana', partitions=[(partition=0, records=b'\x00\x00\x00\x00\x00\x00\x00\x00\x00\x00\x00\x80\x00\x00\x00\x00\x02hAp\x8a\x00\x00\x00\x00\x00\x00\x00\x00\x01\x999\x10\xc6Q\x00\x00\x01\x999\x10\xc6Q\xff\xff\xff\xff\xff\xff\xff\xff\xff\xff\xff\xff\xff\xff\x00\x00\x00\x01\x9a\x01\x00\x00\x00\x01\x8c\x01{"message": "Python and pandas ...')])])}
DEBUG:kafka.producer.sender:<Sender client_id=kafka-python-producer-1 transactional_id=None>: Sending Produce Request: ProduceRequest_v7(transactional_id=None, required_acks=1, timeout=30000, topics=[(topic='json-topic-anjana', partitions=[(partition=0, records=b'\x00\x00\x00\x00\x00\x00\x00\x00\x00\x00\x00\x80\x00\x00\x00\x00\x02hAp\x8a\x00\x00\x00\x00\x00\x00\x00\x00\x01\x999\x10\xc6Q\x00\x00\x01\x999\x10\xc6Q\xff\xff\xff\xff\xff\xff\xff\xff\xff\xff\xff\xff\xff\xff\x00\x00\x00\x01\x9a\x01\x00\x00\x00\x01\x8c\x01{"message": "Python and pandas ...')])])
DEBUG:kafka.protocol.parser:Sending request ProduceRequest_v7(transactional_id=None, required_acks=1, timeout=30000, topics=[(topic='json-topic-anjana', partitions=[(partition=0, records=b'\x00\x00\x00\x00\x00\x00\x00\x00\x00\x00\x00\x80\x00\x00\x00\x00\x02hAp\x8a\x00\x00\x00\x00\x00\x00\x00\x00\x01\x999\x10\xc6Q\x00\x00\x01\x999\x10\xc6Q\xff\xff\xff\xff\xff\xff\xff\xff\xff\xff\xff\xff\xff\xff\x00\x00\x00\x01\x9a\x01\x00\x00\x00\x01\x8c\x01{"message": "Python and pandas ...')])])
DEBUG:kafka.conn:<BrokerConnection client_id=kafka-python-producer-1, node_id=1 host=localhost:9092 <connected> [IPv6 ('::1', 9092, 0, 0)]>: Request 4 (timeout_ms 30000): ProduceRequest_v7(transactional_id=None, required_acks=1, timeout=30000, topics=[(topic='json-topic-anjana', partitions=[(partition=0, records=b'\x00\x00\x00\x00\x00\x00\x00\x00\x00\x00\x00\x80\x00\x00\x00\x00\x02hAp\x8a\x00\x00\x00\x00\x00\x00\x00\x00\x01\x999\x10\xc6Q\x00\x00\x01\x999\x10\xc6Q\xff\xff\xff\xff\xff\xff\xff\xff\xff\xff\xff\xff\xff\xff\x00\x00\x00\x01\x9a\x01\x00\x00\x00\x01\x8c\x01{"message": "Python and pandas ...')])])
DEBUG:kafka.client:Timeouts: user 0.000000, metadata 297994.743896, idle connection 537858.000000, request 30000.000000
DEBUG:kafka.client:Timeouts: user 119998.000000, metadata 297994.743896, idle connection 537858.000000, request 30000.000000
DEBUG:kafka.protocol.parser:Received correlation id: 4
DEBUG:kafka.protocol.parser:Processing response ProduceResponse_v7
DEBUG:kafka.conn:<BrokerConnection client_id=kafka-python-producer-1, node_id=1 host=localhost:9092 <connected> [IPv6 ('::1', 9092, 0, 0)]>: Response 4 (2.000570297241211 ms): ProduceResponse_v7(topics=[(topic='json-topic-anjana', partitions=[(partition=0, error_code=0, offset=12, timestamp=-1, log_start_offset=0)])], throttle_time_ms=0)
DEBUG:kafka.producer.sender:<Sender client_id=kafka-python-producer-1 transactional_id=None>: Parsing produce response: ProduceResponse_v7(topics=[(topic='json-topic-anjana', partitions=[(partition=0, error_code=0, offset=12, timestamp=-1, log_start_offset=0)])], throttle_time_ms=0)
DEBUG:kafka.producer.record_accumulator:Successfully produced messages to TopicPartition(topic='json-topic-anjana', partition=0) with base offset 12
DEBUG:kafka.client:Timeouts: user 9999999990.000000, metadata 297992.743408, idle connection 537856.000000, request inf
DEBUG:kafka.producer.kafka:<KafkaProducer client_id=kafka-python-producer-1 transactional_id=None>: Flushing accumulated records in producer.
