2025-09-11 13:59:05,064 - DEBUG - Added sensor with name connections-closed
2025-09-11 13:59:05,064 - DEBUG - Added sensor with name connections-created
2025-09-11 13:59:05,064 - DEBUG - Added sensor with name select-time
2025-09-11 13:59:05,065 - DEBUG - Added sensor with name io-time
2025-09-11 13:59:05,065 - DEBUG - Attempting to check version with node bootstrap-0
2025-09-11 13:59:05,065 - DEBUG - Initiating connection to node bootstrap-0 at localhost:9092
2025-09-11 13:59:05,065 - DEBUG - Added sensor with name bytes-sent-received
2025-09-11 13:59:05,065 - DEBUG - Added sensor with name bytes-sent
2025-09-11 13:59:05,065 - DEBUG - Added sensor with name bytes-received
2025-09-11 13:59:05,066 - DEBUG - Added sensor with name request-latency
2025-09-11 13:59:05,066 - DEBUG - Added sensor with name throttle-time
2025-09-11 13:59:05,066 - DEBUG - Added sensor with name node-bootstrap-0.bytes-sent
2025-09-11 13:59:05,066 - DEBUG - Added sensor with name node-bootstrap-0.bytes-received
2025-09-11 13:59:05,066 - DEBUG - Added sensor with name node-bootstrap-0.latency
2025-09-11 13:59:05,066 - DEBUG - Added sensor with name node-bootstrap-0.throttle
2025-09-11 13:59:05,074 - DEBUG - <BrokerConnection client_id=kafka-python-2.2.15, node_id=bootstrap-0 host=localhost:9092 <connecting> [unspecified None]>: creating new socket
2025-09-11 13:59:05,074 - DEBUG - <BrokerConnection client_id=kafka-python-2.2.15, node_id=bootstrap-0 host=localhost:9092 <connecting> [IPv6 ('::1', 9092, 0, 0)]>: setting socket option (6, 1, 1)
2025-09-11 13:59:05,074 - INFO - <BrokerConnection client_id=kafka-python-2.2.15, node_id=bootstrap-0 host=localhost:9092 <connecting> [IPv6 ('::1', 9092, 0, 0)]>: connecting to localhost:9092 [('::1', 9092, 0, 0) IPv6]
2025-09-11 13:59:05,075 - DEBUG - Timeouts: user 200.000000, metadata inf, idle connection inf, request inf
2025-09-11 13:59:05,075 - DEBUG - <BrokerConnection client_id=kafka-python-2.2.15, node_id=bootstrap-0 host=localhost:9092 <connecting> [IPv6 ('::1', 9092, 0, 0)]>: established TCP connection
2025-09-11 13:59:05,075 - DEBUG - <BrokerConnection client_id=kafka-python-2.2.15, node_id=bootstrap-0 host=localhost:9092 <checking_api_versions_send> [IPv6 ('::1', 9092, 0, 0)]>: checking broker Api Versions
2025-09-11 13:59:05,075 - DEBUG - Sending request ApiVersionsRequest_v4(client_software_name='kafka-python', client_software_version='2.2.15', _tagged_fields={})
2025-09-11 13:59:05,076 - DEBUG - <BrokerConnection client_id=kafka-python-2.2.15, node_id=bootstrap-0 host=localhost:9092 <checking_api_versions_send> [IPv6 ('::1', 9092, 0, 0)]>: Request 1 (timeout_ms 1000.0): ApiVersionsRequest_v4(client_software_name='kafka-python', client_software_version='2.2.15', _tagged_fields={})
2025-09-11 13:59:05,076 - DEBUG - Timeouts: user 200.000000, metadata inf, idle connection inf, request 1000.000000
2025-09-11 13:59:05,078 - DEBUG - Received correlation id: 1
2025-09-11 13:59:05,079 - DEBUG - Processing response ApiVersionsResponse_v4
2025-09-11 13:59:05,079 - DEBUG - <BrokerConnection client_id=kafka-python-2.2.15, node_id=bootstrap-0 host=localhost:9092 <checking_api_versions_recv> [IPv6 ('::1', 9092, 0, 0)]>: Response 1 (3.004312515258789 ms): ApiVersionsResponse_v4(error_code=0, api_versions=[(api_key=0, min_version=0, max_version=11, _tagged_fields={}), (api_key=1, min_version=0, max_version=17, _tagged_fields={}), (api_key=2, min_version=0, max_version=9, _tagged_fields={}), (api_key=3, min_version=0, max_version=12, _tagged_fields={}), (api_key=8, min_version=0, max_version=9, _tagged_fields={}), (api_key=9, min_version=0, max_version=9, _tagged_fields={}), (api_key=10, min_version=0, max_version=6, _tagged_fields={}), (api_key=11, min_version=0, max_version=9, _tagged_fields={}), (api_key=12, min_version=0, max_version=4, _tagged_fields={}), (api_key=13, min_version=0, max_version=5, _tagged_fields={}), (api_key=14, min_version=0, max_version=5, _tagged_fields={}), (api_key=15, min_version=0, max_version=5, _tagged_fields={}), (api_key=16, min_version=0, max_version=5, _tagged_fields={}), (api_key=17, min_version=0, max_version=1, _tagged_fields={}), (api_key=18, min_version=0, max_version=4, _tagged_fields={}), (api_key=19, min_version=0, max_version=7, _tagged_fields={}), (api_key=20, min_version=0, max_version=6, _tagged_fields={}), (api_key=21, min_version=0, max_version=2, _tagged_fields={}), (api_key=22, min_version=0, max_version=5, _tagged_fields={}), (api_key=23, min_version=0, max_version=4, _tagged_fields={}), (api_key=24, min_version=0, max_version=5, _tagged_fields={}), (api_key=25, min_version=0, max_version=4, _tagged_fields={}), (api_key=26, min_version=0, max_version=4, _tagged_fields={}), (api_key=27, min_version=0, max_version=1, _tagged_fields={}), (api_key=28, min_version=0, max_version=4, _tagged_fields={}), (api_key=29, min_version=0, max_version=3, _tagged_fields={}), (api_key=30, min_version=0, max_version=3, _tagged_fields={}), (api_key=31, min_version=0, max_version=3, _tagged_fields={}), (api_key=32, min_version=0, max_version=4, _tagged_fields={}), (api_key=33, min_version=0, max_version=2, _tagged_fields={}), (api_key=34, min_version=0, max_version=2, _tagged_fields={}), (api_key=35, min_version=0, max_version=4, _tagged_fields={}), (api_key=36, min_version=0, max_version=2, _tagged_fields={}), (api_key=37, min_version=0, max_version=3, _tagged_fields={}), (api_key=38, min_version=0, max_version=3, _tagged_fields={}), (api_key=39, min_version=0, max_version=2, _tagged_fields={}), (api_key=40, min_version=0, max_version=2, _tagged_fields={}), (api_key=41, min_version=0, max_version=3, _tagged_fields={}), (api_key=42, min_version=0, max_version=2, _tagged_fields={}), (api_key=43, min_version=0, max_version=2, _tagged_fields={}), (api_key=44, min_version=0, max_version=1, _tagged_fields={}), (api_key=45, min_version=0, max_version=0, _tagged_fields={}), (api_key=46, min_version=0, max_version=0, _tagged_fields={}), (api_key=47, min_version=0, max_version=0, _tagged_fields={}), (api_key=48, min_version=0, max_version=1, _tagged_fields={}), (api_key=49, min_version=0, max_version=1, _tagged_fields={}), (api_key=50, min_version=0, max_version=0, _tagged_fields={}), (api_key=51, min_version=0, max_version=0, _tagged_fields={}), (api_key=55, min_version=0, max_version=2, _tagged_fields={}), (api_key=57, min_version=0, max_version=1, _tagged_fields={}), (api_key=60, min_version=0, max_version=1, _tagged_fields={}), (api_key=61, min_version=0, max_version=0, _tagged_fields={}), (api_key=64, min_version=0, max_version=0, _tagged_fields={}), (api_key=65, min_version=0, max_version=0, _tagged_fields={}), (api_key=66, min_version=0, max_version=1, _tagged_fields={}), (api_key=68, min_version=0, max_version=0, _tagged_fields={}), (api_key=69, min_version=0, max_version=0, _tagged_fields={}), (api_key=74, min_version=0, max_version=0, _tagged_fields={}), (api_key=75, min_version=0, max_version=0, _tagged_fields={}), (api_key=80, min_version=0, max_version=0, _tagged_fields={}), (api_key=81, min_version=0, max_version=0, _tagged_fields={})], throttle_time_ms=0, _tagged_fields={0: b'\x03\x0ekraft.version\x00\x00\x00\x01\x00\x11metadata.version\x00\x01\x00\x15\x00', 1: b'\x00\x00\x00\x00\x00\x00\x925', 2: b'\x02\x11metadata.version\x00\x15\x00\x15\x00'})
2025-09-11 13:59:05,080 - INFO - <BrokerConnection client_id=kafka-python-2.2.15, node_id=bootstrap-0 host=localhost:9092 <checking_api_versions_recv> [IPv6 ('::1', 9092, 0, 0)]>: Broker version identified as 2.6
2025-09-11 13:59:05,080 - INFO - <BrokerConnection client_id=kafka-python-2.2.15, node_id=bootstrap-0 host=localhost:9092 <connected> [IPv6 ('::1', 9092, 0, 0)]>: Connection complete.
2025-09-11 13:59:05,080 - DEBUG - Node bootstrap-0 connected
2025-09-11 13:59:05,080 - DEBUG - Added sensor with name bytes-fetched
2025-09-11 13:59:05,080 - DEBUG - Added sensor with name records-fetched
2025-09-11 13:59:05,080 - DEBUG - Added sensor with name fetch-latency
2025-09-11 13:59:05,081 - DEBUG - Added sensor with name records-lag
2025-09-11 13:59:05,081 - DEBUG - Added sensor with name heartbeat-latency
2025-09-11 13:59:05,081 - DEBUG - Added sensor with name join-latency
2025-09-11 13:59:05,081 - DEBUG - Added sensor with name sync-latency
2025-09-11 13:59:05,081 - DEBUG - Added sensor with name commit-latency
2025-09-11 13:59:05,081 - INFO - Updating subscribed topics to: ('anjana_csv_topic',)
2025-09-11 13:59:05,082 - DEBUG - Sending metadata request MetadataRequest_v7(topics=['anjana_csv_topic'], allow_auto_topic_creation=True) to node bootstrap-0
2025-09-11 13:59:05,082 - DEBUG - Sending request MetadataRequest_v7(topics=['anjana_csv_topic'], allow_auto_topic_creation=True)
2025-09-11 13:59:05,082 - DEBUG - <BrokerConnection client_id=kafka-python-2.2.15, node_id=bootstrap-0 host=localhost:9092 <connected> [IPv6 ('::1', 9092, 0, 0)]>: Request 2 (timeout_ms 305000): MetadataRequest_v7(topics=['anjana_csv_topic'], allow_auto_topic_creation=True)
2025-09-11 13:59:05,083 - DEBUG - Requesting metadata for group coordinator request: NoBrokersAvailable
2025-09-11 13:59:05,083 - DEBUG - Timeouts: user inf, metadata 305000.000000, idle connection 539980.000000, request 304998.965740
2025-09-11 13:59:05,084 - DEBUG - Received correlation id: 2
2025-09-11 13:59:05,084 - DEBUG - Processing response MetadataResponse_v7
2025-09-11 13:59:05,084 - DEBUG - <BrokerConnection client_id=kafka-python-2.2.15, node_id=bootstrap-0 host=localhost:9092 <connected> [IPv6 ('::1', 9092, 0, 0)]>: Response 2 (2.0003318786621094 ms): MetadataResponse_v7(throttle_time_ms=0, brokers=[(node_id=1, host='localhost', port=9092, rack=None)], cluster_id='Hd1Hmb7vSM2J7YUyp8I3Dw', controller_id=1, topics=[(error_code=0, topic='anjana_csv_topic', is_internal=False, partitions=[(error_code=0, partition=0, leader=1, leader_epoch=0, replicas=[1], isr=[1], offline_replicas=[])])])
2025-09-11 13:59:05,084 - DEBUG - Updated cluster metadata to ClusterMetadata(brokers: 1, topics: 1, coordinators: 0)
2025-09-11 13:59:05,084 - DEBUG - Initiating connection to node 1 at localhost:9092
2025-09-11 13:59:05,085 - DEBUG - Added sensor with name node-1.bytes-sent
2025-09-11 13:59:05,085 - DEBUG - Added sensor with name node-1.bytes-received
2025-09-11 13:59:05,085 - DEBUG - Added sensor with name node-1.latency
2025-09-11 13:59:05,085 - DEBUG - Added sensor with name node-1.throttle
2025-09-11 13:59:05,085 - DEBUG - <BrokerConnection client_id=kafka-python-2.2.15, node_id=1 host=localhost:9092 <connecting> [unspecified None]>: creating new socket
2025-09-11 13:59:05,085 - DEBUG - <BrokerConnection client_id=kafka-python-2.2.15, node_id=1 host=localhost:9092 <connecting> [IPv6 ('::1', 9092, 0, 0)]>: setting socket option (6, 1, 1)
2025-09-11 13:59:05,086 - INFO - <BrokerConnection client_id=kafka-python-2.2.15, node_id=1 host=localhost:9092 <connecting> [IPv6 ('::1', 9092, 0, 0)]>: connecting to localhost:9092 [('::1', 9092, 0, 0) IPv6]
2025-09-11 13:59:05,086 - DEBUG - <BrokerConnection client_id=kafka-python-2.2.15, node_id=1 host=localhost:9092 <connecting> [IPv6 ('::1', 9092, 0, 0)]>: established TCP connection
2025-09-11 13:59:05,086 - DEBUG - <BrokerConnection client_id=kafka-python-2.2.15, node_id=1 host=localhost:9092 <checking_api_versions_send> [IPv6 ('::1', 9092, 0, 0)]>: checking broker Api Versions
2025-09-11 13:59:05,086 - DEBUG - <BrokerConnection client_id=kafka-python-2.2.15, node_id=1 host=localhost:9092 <checking_api_versions_send> [IPv6 ('::1', 9092, 0, 0)]>: Using pre-configured api_version (2, 6) for ApiVersions
2025-09-11 13:59:05,086 - INFO - <BrokerConnection client_id=kafka-python-2.2.15, node_id=1 host=localhost:9092 <connected> [IPv6 ('::1', 9092, 0, 0)]>: Connection complete.
2025-09-11 13:59:05,086 - DEBUG - Node 1 connected
2025-09-11 13:59:05,086 - INFO - <BrokerConnection client_id=kafka-python-2.2.15, node_id=bootstrap-0 host=localhost:9092 <connected> [IPv6 ('::1', 9092, 0, 0)]>: Closing connection. 
2025-09-11 13:59:05,188 - DEBUG - Sending group coordinator request for group csv-group-anjana to broker 1: FindCoordinatorRequest_v2(coordinator_key='csv-group-anjana', coordinator_type=0)
2025-09-11 13:59:05,188 - DEBUG - Sending request FindCoordinatorRequest_v2(coordinator_key='csv-group-anjana', coordinator_type=0)
2025-09-11 13:59:05,188 - DEBUG - <BrokerConnection client_id=kafka-python-2.2.15, node_id=1 host=localhost:9092 <connected> [IPv6 ('::1', 9092, 0, 0)]>: Request 1 (timeout_ms 305000): FindCoordinatorRequest_v2(coordinator_key='csv-group-anjana', coordinator_type=0)
2025-09-11 13:59:05,188 - DEBUG - Timeouts: user inf, metadata 299895.927002, idle connection 539875.000000, request 305000.000000
2025-09-11 13:59:05,189 - DEBUG - Timeouts: user inf, metadata 299894.928223, idle connection 539874.000000, request 304999.001265
2025-09-11 13:59:05,190 - DEBUG - Received correlation id: 1
2025-09-11 13:59:05,190 - DEBUG - Processing response FindCoordinatorResponse_v2
2025-09-11 13:59:05,190 - DEBUG - <BrokerConnection client_id=kafka-python-2.2.15, node_id=1 host=localhost:9092 <connected> [IPv6 ('::1', 9092, 0, 0)]>: Response 1 (2.015829086303711 ms): FindCoordinatorResponse_v2(throttle_time_ms=0, error_code=0, error_message='NONE', coordinator_id=1, host='localhost', port=9092)
2025-09-11 13:59:05,190 - DEBUG - Received group coordinator response FindCoordinatorResponse_v2(throttle_time_ms=0, error_code=0, error_message='NONE', coordinator_id=1, host='localhost', port=9092)
2025-09-11 13:59:05,190 - DEBUG - Updating coordinator for group/csv-group-anjana: FindCoordinatorResponse_v2(throttle_time_ms=0, error_code=0, error_message='NONE', coordinator_id=1, host='localhost', port=9092)
2025-09-11 13:59:05,190 - INFO - Coordinator for group/csv-group-anjana is BrokerMetadata(nodeId='coordinator-1', host='localhost', port=9092, rack=None)
2025-09-11 13:59:05,190 - INFO - Discovered coordinator coordinator-1 for group csv-group-anjana
2025-09-11 13:59:05,191 - INFO - Starting new heartbeat thread
2025-09-11 13:59:05,191 - DEBUG - Heartbeat thread started: <Heartbeat group_id=csv-group-anjana heartbeat_interval_ms=3000 session_timeout_ms=10000 max_poll_interval_ms=300000 retry_backoff_ms=100>
2025-09-11 13:59:05,192 - DEBUG - Started heartbeat thread 21096
2025-09-11 13:59:05,192 - DEBUG - Heartbeat disabled. Waiting
2025-09-11 13:59:05,192 - INFO - Revoking previously assigned partitions set() for group csv-group-anjana
2025-09-11 13:59:05,192 - DEBUG - Disabling heartbeat thread during join-group
2025-09-11 13:59:05,192 - DEBUG - Disabling heartbeat thread
2025-09-11 13:59:05,192 - INFO - Failed to join group csv-group-anjana: NodeNotReadyError: coordinator-1
2025-09-11 13:59:05,192 - DEBUG - Initiating connection to node coordinator-1 at localhost:9092
2025-09-11 13:59:05,192 - DEBUG - Added sensor with name node-coordinator-1.bytes-sent
2025-09-11 13:59:05,193 - DEBUG - Added sensor with name node-coordinator-1.bytes-received
2025-09-11 13:59:05,193 - DEBUG - Added sensor with name node-coordinator-1.latency
2025-09-11 13:59:05,193 - DEBUG - Added sensor with name node-coordinator-1.throttle
2025-09-11 13:59:05,193 - DEBUG - <BrokerConnection client_id=kafka-python-2.2.15, node_id=coordinator-1 host=localhost:9092 <connecting> [unspecified None]>: creating new socket
2025-09-11 13:59:05,193 - DEBUG - <BrokerConnection client_id=kafka-python-2.2.15, node_id=coordinator-1 host=localhost:9092 <connecting> [IPv6 ('::1', 9092, 0, 0)]>: setting socket option (6, 1, 1)
2025-09-11 13:59:05,193 - INFO - <BrokerConnection client_id=kafka-python-2.2.15, node_id=coordinator-1 host=localhost:9092 <connecting> [IPv6 ('::1', 9092, 0, 0)]>: connecting to localhost:9092 [('::1', 9092, 0, 0) IPv6]
2025-09-11 13:59:05,194 - DEBUG - <BrokerConnection client_id=kafka-python-2.2.15, node_id=coordinator-1 host=localhost:9092 <connecting> [IPv6 ('::1', 9092, 0, 0)]>: established TCP connection
2025-09-11 13:59:05,194 - DEBUG - <BrokerConnection client_id=kafka-python-2.2.15, node_id=coordinator-1 host=localhost:9092 <checking_api_versions_send> [IPv6 ('::1', 9092, 0, 0)]>: checking broker Api Versions
2025-09-11 13:59:05,194 - DEBUG - <BrokerConnection client_id=kafka-python-2.2.15, node_id=coordinator-1 host=localhost:9092 <checking_api_versions_send> [IPv6 ('::1', 9092, 0, 0)]>: Using pre-configured api_version (2, 6) for ApiVersions
2025-09-11 13:59:05,194 - INFO - <BrokerConnection client_id=kafka-python-2.2.15, node_id=coordinator-1 host=localhost:9092 <connected> [IPv6 ('::1', 9092, 0, 0)]>: Connection complete.
2025-09-11 13:59:05,194 - DEBUG - Node coordinator-1 connected
2025-09-11 13:59:05,296 - INFO - (Re-)joining group csv-group-anjana
2025-09-11 13:59:05,296 - DEBUG - Sending JoinGroup (JoinGroupRequest_v4(group='csv-group-anjana', session_timeout=10000, rebalance_timeout=300000, member_id='', protocol_type='consumer', group_protocols=[(protocol_name='range', protocol_metadata=b'\x00\x00\x00\x00\x00\x01\x00\x10anjana_csv_topic\x00\x00\x00\x00'), (protocol_name='roundrobin', protocol_metadata=b'\x00\x00\x00\x00\x00\x01\x00\x10anjana_csv_topic\x00\x00\x00\x00')])) to coordinator coordinator-1
2025-09-11 13:59:05,296 - DEBUG - Sending request JoinGroupRequest_v4(group='csv-group-anjana', session_timeout=10000, rebalance_timeout=300000, member_id='', protocol_type='consumer', group_protocols=[(protocol_name='range', protocol_metadata=b'\x00\x00\x00\x00\x00\x01\x00\x10anjana_csv_topic\x00\x00\x00\x00'), (protocol_name='roundrobin', protocol_metadata=b'\x00\x00\x00\x00\x00\x01\x00\x10anjana_csv_topic\x00\x00\x00\x00')])
2025-09-11 13:59:05,296 - DEBUG - <BrokerConnection client_id=kafka-python-2.2.15, node_id=coordinator-1 host=localhost:9092 <connected> [IPv6 ('::1', 9092, 0, 0)]>: Request 1 (timeout_ms 305000): JoinGroupRequest_v4(group='csv-group-anjana', session_timeout=10000, rebalance_timeout=300000, member_id='', protocol_type='consumer', group_protocols=[(protocol_name='range', protocol_metadata=b'\x00\x00\x00\x00\x00\x01\x00\x10anjana_csv_topic\x00\x00\x00\x00'), (protocol_name='roundrobin', protocol_metadata=b'\x00\x00\x00\x00\x00\x01\x00\x10anjana_csv_topic\x00\x00\x00\x00')])
2025-09-11 13:59:05,296 - DEBUG - Timeouts: user inf, metadata 299788.256592, idle connection 539768.000000, request 305000.000000
2025-09-11 13:59:05,297 - DEBUG - Timeouts: user inf, metadata 299787.355957, idle connection 539767.000000, request 304999.099493
2025-09-11 13:59:05,300 - DEBUG - Received correlation id: 1
2025-09-11 13:59:05,300 - DEBUG - Processing response JoinGroupResponse_v4
2025-09-11 13:59:05,300 - DEBUG - <BrokerConnection client_id=kafka-python-2.2.15, node_id=coordinator-1 host=localhost:9092 <connected> [IPv6 ('::1', 9092, 0, 0)]>: Response 1 (3.8585662841796875 ms): JoinGroupResponse_v4(throttle_time_ms=0, error_code=79, generation_id=-1, group_protocol='', leader_id='', member_id='kafka-python-2.2.15-7dae1057-34f1-4ebe-963f-7a4889616148', members=[])
2025-09-11 13:59:05,300 - DEBUG - Received JoinGroup response: JoinGroupResponse_v4(throttle_time_ms=0, error_code=79, generation_id=-1, group_protocol='', leader_id='', member_id='kafka-python-2.2.15-7dae1057-34f1-4ebe-963f-7a4889616148', members=[])
2025-09-11 13:59:05,301 - INFO - Received member id kafka-python-2.2.15-7dae1057-34f1-4ebe-963f-7a4889616148 for group csv-group-anjana; will retry join-group
2025-09-11 13:59:05,301 - INFO - Failed to join group csv-group-anjana: [Error 79] MemberIdRequiredError
2025-09-11 13:59:05,301 - INFO - (Re-)joining group csv-group-anjana
2025-09-11 13:59:05,301 - DEBUG - Sending JoinGroup (JoinGroupRequest_v4(group='csv-group-anjana', session_timeout=10000, rebalance_timeout=300000, member_id='kafka-python-2.2.15-7dae1057-34f1-4ebe-963f-7a4889616148', protocol_type='consumer', group_protocols=[(protocol_name='range', protocol_metadata=b'\x00\x00\x00\x00\x00\x01\x00\x10anjana_csv_topic\x00\x00\x00\x00'), (protocol_name='roundrobin', protocol_metadata=b'\x00\x00\x00\x00\x00\x01\x00\x10anjana_csv_topic\x00\x00\x00\x00')])) to coordinator coordinator-1
2025-09-11 13:59:05,301 - DEBUG - Sending request JoinGroupRequest_v4(group='csv-group-anjana', session_timeout=10000, rebalance_timeout=300000, member_id='kafka-python-2.2.15-7dae1057-34f1-4ebe-963f-7a4889616148', protocol_type='consumer', group_protocols=[(protocol_name='range', protocol_metadata=b'\x00\x00\x00\x00\x00\x01\x00\x10anjana_csv_topic\x00\x00\x00\x00'), (protocol_name='roundrobin', protocol_metadata=b'\x00\x00\x00\x00\x00\x01\x00\x10anjana_csv_topic\x00\x00\x00\x00')])
2025-09-11 13:59:05,301 - DEBUG - <BrokerConnection client_id=kafka-python-2.2.15, node_id=coordinator-1 host=localhost:9092 <connected> [IPv6 ('::1', 9092, 0, 0)]>: Request 2 (timeout_ms 305000): JoinGroupRequest_v4(group='csv-group-anjana', session_timeout=10000, rebalance_timeout=300000, member_id='kafka-python-2.2.15-7dae1057-34f1-4ebe-963f-7a4889616148', protocol_type='consumer', group_protocols=[(protocol_name='range', protocol_metadata=b'\x00\x00\x00\x00\x00\x01\x00\x10anjana_csv_topic\x00\x00\x00\x00'), (protocol_name='roundrobin', protocol_metadata=b'\x00\x00\x00\x00\x00\x01\x00\x10anjana_csv_topic\x00\x00\x00\x00')])
2025-09-11 13:59:05,301 - DEBUG - Timeouts: user inf, metadata 299783.399658, idle connection 539763.000000, request 305000.000000
2025-09-11 13:59:05,302 - DEBUG - Timeouts: user inf, metadata 299782.399170, idle connection 539762.000000, request 304998.999596
2025-09-11 13:59:08,076 - DEBUG - Received correlation id: 2
2025-09-11 13:59:08,076 - DEBUG - Processing response JoinGroupResponse_v4
2025-09-11 13:59:08,076 - DEBUG - <BrokerConnection client_id=kafka-python-2.2.15, node_id=coordinator-1 host=localhost:9092 <connected> [IPv6 ('::1', 9092, 0, 0)]>: Response 2 (2774.904489517212 ms): JoinGroupResponse_v4(throttle_time_ms=0, error_code=0, generation_id=3, group_protocol='range', leader_id='kafka-python-2.2.15-7dae1057-34f1-4ebe-963f-7a4889616148', member_id='kafka-python-2.2.15-7dae1057-34f1-4ebe-963f-7a4889616148', members=[(member_id='kafka-python-2.2.15-7dae1057-34f1-4ebe-963f-7a4889616148', member_metadata=b'\x00\x00\x00\x00\x00\x01\x00\x10anjana_csv_topic\x00\x00\x00\x00')])
2025-09-11 13:59:08,076 - DEBUG - Received JoinGroup response: JoinGroupResponse_v4(throttle_time_ms=0, error_code=0, generation_id=3, group_protocol='range', leader_id='kafka-python-2.2.15-7dae1057-34f1-4ebe-963f-7a4889616148', member_id='kafka-python-2.2.15-7dae1057-34f1-4ebe-963f-7a4889616148', members=[(member_id='kafka-python-2.2.15-7dae1057-34f1-4ebe-963f-7a4889616148', member_metadata=b'\x00\x00\x00\x00\x00\x01\x00\x10anjana_csv_topic\x00\x00\x00\x00')])
2025-09-11 13:59:08,077 - INFO - Successfully joined group csv-group-anjana <Generation 3 (member_id: kafka-python-2.2.15-7dae1057-34f1-4ebe-963f-7a4889616148, protocol: range)>
2025-09-11 13:59:08,077 - INFO - Elected group leader -- performing partition assignments using range
2025-09-11 13:59:08,077 - DEBUG - Performing assignment for group csv-group-anjana using strategy range with subscriptions {'kafka-python-2.2.15-7dae1057-34f1-4ebe-963f-7a4889616148': ConsumerProtocolMemberMetadata(version=0, subscription=['anjana_csv_topic'], user_data=b'')}
2025-09-11 13:59:08,077 - DEBUG - Finished assignment for group csv-group-anjana: {'kafka-python-2.2.15-7dae1057-34f1-4ebe-963f-7a4889616148': ConsumerProtocolMemberAssignment(version=0, assignment=[(topic='anjana_csv_topic', partitions=[0])], user_data=b'')}
2025-09-11 13:59:08,077 - DEBUG - Sending leader SyncGroup for group csv-group-anjana to coordinator coordinator-1: SyncGroupRequest_v2(group='csv-group-anjana', generation_id=3, member_id='kafka-python-2.2.15-7dae1057-34f1-4ebe-963f-7a4889616148', group_assignment=[(member_id='kafka-python-2.2.15-7dae1057-34f1-4ebe-963f-7a4889616148', member_metadata=b'\x00\x00\x00\x00\x00\x01\x00\x10anjana_csv_topic\x00\x00\x00\x01\x00\x00\x00\x00\x00\x00\x00\x00')])
2025-09-11 13:59:08,077 - DEBUG - Sending request SyncGroupRequest_v2(group='csv-group-anjana', generation_id=3, member_id='kafka-python-2.2.15-7dae1057-34f1-4ebe-963f-7a4889616148', group_assignment=[(member_id='kafka-python-2.2.15-7dae1057-34f1-4ebe-963f-7a4889616148', member_metadata=b'\x00\x00\x00\x00\x00\x01\x00\x10anjana_csv_topic\x00\x00\x00\x01\x00\x00\x00\x00\x00\x00\x00\x00')])
2025-09-11 13:59:08,077 - DEBUG - <BrokerConnection client_id=kafka-python-2.2.15, node_id=coordinator-1 host=localhost:9092 <connected> [IPv6 ('::1', 9092, 0, 0)]>: Request 3 (timeout_ms 305000): SyncGroupRequest_v2(group='csv-group-anjana', generation_id=3, member_id='kafka-python-2.2.15-7dae1057-34f1-4ebe-963f-7a4889616148', group_assignment=[(member_id='kafka-python-2.2.15-7dae1057-34f1-4ebe-963f-7a4889616148', member_metadata=b'\x00\x00\x00\x00\x00\x01\x00\x10anjana_csv_topic\x00\x00\x00\x01\x00\x00\x00\x00\x00\x00\x00\x00')])
2025-09-11 13:59:08,077 - DEBUG - Sending metadata request MetadataRequest_v7(topics=['anjana_csv_topic'], allow_auto_topic_creation=True) to node 1
2025-09-11 13:59:08,077 - DEBUG - Sending request MetadataRequest_v7(topics=['anjana_csv_topic'], allow_auto_topic_creation=True)
2025-09-11 13:59:08,078 - DEBUG - <BrokerConnection client_id=kafka-python-2.2.15, node_id=1 host=localhost:9092 <connected> [IPv6 ('::1', 9092, 0, 0)]>: Request 2 (timeout_ms 305000): MetadataRequest_v7(topics=['anjana_csv_topic'], allow_auto_topic_creation=True)
2025-09-11 13:59:08,078 - DEBUG - Timeouts: user inf, metadata 305000.000000, idle connection 536986.000000, request 304999.000072
2025-09-11 13:59:08,078 - DEBUG - Timeouts: user inf, metadata 305000.000000, idle connection 536986.000000, request 304999.000072
2025-09-11 13:59:08,079 - DEBUG - Received correlation id: 2
2025-09-11 13:59:08,079 - DEBUG - Processing response MetadataResponse_v7
2025-09-11 13:59:08,080 - DEBUG - <BrokerConnection client_id=kafka-python-2.2.15, node_id=1 host=localhost:9092 <connected> [IPv6 ('::1', 9092, 0, 0)]>: Response 2 (1.9683837890625 ms): MetadataResponse_v7(throttle_time_ms=0, brokers=[(node_id=1, host='localhost', port=9092, rack=None)], cluster_id='Hd1Hmb7vSM2J7YUyp8I3Dw', controller_id=1, topics=[(error_code=0, topic='anjana_csv_topic', is_internal=False, partitions=[(error_code=0, partition=0, leader=1, leader_epoch=0, replicas=[1], isr=[1], offline_replicas=[])])])
2025-09-11 13:59:08,080 - DEBUG - Updated cluster metadata to ClusterMetadata(brokers: 1, topics: 1, coordinators: 1)
2025-09-11 13:59:08,080 - DEBUG - Timeouts: user inf, metadata 300000.000000, idle connection 536984.000000, request 304997.031689
2025-09-11 13:59:08,080 - DEBUG - Received correlation id: 3
2025-09-11 13:59:08,080 - DEBUG - Processing response SyncGroupResponse_v2
2025-09-11 13:59:08,080 - DEBUG - <BrokerConnection client_id=kafka-python-2.2.15, node_id=coordinator-1 host=localhost:9092 <connected> [IPv6 ('::1', 9092, 0, 0)]>: Response 3 (2.968311309814453 ms): SyncGroupResponse_v2(throttle_time_ms=0, error_code=0, member_assignment=b'\x00\x00\x00\x00\x00\x01\x00\x10anjana_csv_topic\x00\x00\x00\x01\x00\x00\x00\x00\x00\x00\x00\x00')
2025-09-11 13:59:08,080 - DEBUG - Received SyncGroup response: SyncGroupResponse_v2(throttle_time_ms=0, error_code=0, member_assignment=b'\x00\x00\x00\x00\x00\x01\x00\x10anjana_csv_topic\x00\x00\x00\x01\x00\x00\x00\x00\x00\x00\x00\x00')
2025-09-11 13:59:08,081 - DEBUG - Enabling heartbeat thread
2025-09-11 13:59:08,081 - INFO - Updated partition assignment: [TopicPartition(topic='anjana_csv_topic', partition=0)]
2025-09-11 13:59:08,081 - INFO - Setting newly assigned partitions {TopicPartition(topic='anjana_csv_topic', partition=0)} for group csv-group-anjana
2025-09-11 13:59:08,081 - DEBUG - Group csv-group-anjana fetching committed offsets for partitions: {TopicPartition(topic='anjana_csv_topic', partition=0)}
2025-09-11 13:59:08,081 - DEBUG - Sending request OffsetFetchRequest_v5(consumer_group='csv-group-anjana', topics=[(topic='anjana_csv_topic', partitions=[0])])
2025-09-11 13:59:08,081 - DEBUG - <BrokerConnection client_id=kafka-python-2.2.15, node_id=coordinator-1 host=localhost:9092 <connected> [IPv6 ('::1', 9092, 0, 0)]>: Request 4 (timeout_ms 305000): OffsetFetchRequest_v5(consumer_group='csv-group-anjana', topics=[(topic='anjana_csv_topic', partitions=[0])])
2025-09-11 13:59:08,082 - DEBUG - Timeouts: user inf, metadata 299998.003418, idle connection 536982.000000, request 304999.035358
2025-09-11 13:59:08,082 - DEBUG - Heartbeat re-enabled.
2025-09-11 13:59:08,082 - DEBUG - Timeouts: user inf, metadata 299998.003418, idle connection 536982.000000, request 304999.035358
2025-09-11 13:59:08,084 - DEBUG - Received correlation id: 4
2025-09-11 13:59:08,084 - DEBUG - Processing response OffsetFetchResponse_v5
2025-09-11 13:59:08,084 - DEBUG - <BrokerConnection client_id=kafka-python-2.2.15, node_id=coordinator-1 host=localhost:9092 <connected> [IPv6 ('::1', 9092, 0, 0)]>: Response 4 (2.9087066650390625 ms): OffsetFetchResponse_v5(throttle_time_ms=0, topics=[(topic='anjana_csv_topic', partitions=[(partition=0, offset=34, leader_epoch=-1, metadata='', error_code=0)])], error_code=0)
2025-09-11 13:59:08,084 - DEBUG - Received OffsetFetchResponse: OffsetFetchResponse_v5(throttle_time_ms=0, topics=[(topic='anjana_csv_topic', partitions=[(partition=0, offset=34, leader_epoch=-1, metadata='', error_code=0)])], error_code=0)
2025-09-11 13:59:08,084 - DEBUG - Setting offset for partition TopicPartition(topic='anjana_csv_topic', partition=0) to the committed offset 34
2025-09-11 13:59:08,084 - DEBUG - poll: fetched records: {}, False
2025-09-11 13:59:08,084 - DEBUG - poll: Sending fetches
2025-09-11 13:59:08,084 - DEBUG - Adding fetch request for partition TopicPartition(topic='anjana_csv_topic', partition=0) at offset 34
2025-09-11 13:59:08,084 - DEBUG - Built full fetch <kafka.consumer.fetcher.FetchMetadata object at 0x000001AA305C5F00> for node 1 with 1 partition(s).
2025-09-11 13:59:08,085 - DEBUG - Sending FetchRequest to node 1
2025-09-11 13:59:08,085 - DEBUG - Sending request FetchRequest_v10(replica_id=-1, max_wait_time=500, min_bytes=1, max_bytes=52428800, isolation_level=0, session_id=0, session_epoch=0, topics=[(topic='anjana_csv_topic', partitions=[(partition=0, current_leader_epoch=-1, fetch_offset=34, log_start_offset=-1, max_bytes=1048576)])], forgotten_topics_data=[])
2025-09-11 13:59:08,085 - DEBUG - <BrokerConnection client_id=kafka-python-2.2.15, node_id=1 host=localhost:9092 <connected> [IPv6 ('::1', 9092, 0, 0)]>: Request 3 (timeout_ms 305000): FetchRequest_v10(replica_id=-1, max_wait_time=500, min_bytes=1, max_bytes=52428800, isolation_level=0, session_id=0, session_epoch=0, topics=[(topic='anjana_csv_topic', partitions=[(partition=0, current_leader_epoch=-1, fetch_offset=34, log_start_offset=-1, max_bytes=1048576)])], forgotten_topics_data=[])
2025-09-11 13:59:08,085 - DEBUG - Timeouts: user 0.000000, metadata 299995.048340, idle connection 536979.000000, request 305000.000000
2025-09-11 13:59:08,086 - DEBUG - Waiting 3.0 secs to send next heartbeat
2025-09-11 13:59:08,086 - DEBUG - Timeouts: user 0.000000, metadata 299994.048340, idle connection 536978.000000, request 304999.000072
2025-09-11 13:59:08,086 - DEBUG - Timeouts: user 2995.000000, metadata 299994.048340, idle connection 536978.000000, request 304999.000072
2025-09-11 13:59:08,087 - DEBUG - poll: fetched records: {}, False
2025-09-11 13:59:08,087 - DEBUG - poll: Sending fetches
2025-09-11 13:59:08,087 - DEBUG - Skipping fetch for partition TopicPartition(topic='anjana_csv_topic', partition=0) because there is a pending fetch request to node 1
2025-09-11 13:59:08,087 - DEBUG - Timeouts: user 2994.000000, metadata 299993.027588, idle connection 536977.000000, request 304997.979403
2025-09-11 13:59:08,088 - DEBUG - Received correlation id: 3
2025-09-11 13:59:08,088 - DEBUG - Processing response FetchResponse_v10
2025-09-11 13:59:08,088 - DEBUG - <BrokerConnection client_id=kafka-python-2.2.15, node_id=1 host=localhost:9092 <connected> [IPv6 ('::1', 9092, 0, 0)]>: Response 3 (3.0024051666259766 ms): FetchResponse_v10(throttle_time_ms=0, error_code=0, session_id=973445610, topics=[(topics='anjana_csv_topic', partitions=[(partition=0, error_code=0, highwater_offset=41, last_stable_offset=41, log_start_offset=0, aborted_transactions=NULL, records=b'\x00\x00\x00\x00\x00\x00\x00"\x00\x00\x00q\x00\x00\x00\x00\x02L4\xfag\x00\x00\x00\x00\x00\x00\x00\x00\x01\x999\xed\xe7\x99\x00\x00\x01\x999\xed\xe7\x99\xff\xff\xff\xff\xff\xff\xff\xff\xff\xff\xff\xff\xff\xff\x00\x00\x00\x01~\x00\x00\x00\x01r{"timestamp": "2025-01-01 15:00:0...')])])
2025-09-11 13:59:08,088 - DEBUG - Node 1 sent a full fetch response that created a new incremental fetch session 973445610 with 1 response partitions
2025-09-11 13:59:08,088 - DEBUG - Preparing to read 875 bytes of data for partition TopicPartition(topic='anjana_csv_topic', partition=0) with offset 34
2025-09-11 13:59:08,088 - DEBUG - Returning fetched records at offset 34 for assigned partition TopicPartition(topic='anjana_csv_topic', partition=0)
2025-09-11 13:59:08,089 - DEBUG - Added sensor with name topic.anjana_csv_topic.bytes-fetched
2025-09-11 13:59:08,090 - DEBUG - Added sensor with name topic.anjana_csv_topic.records-fetched
2025-09-11 13:59:08,090 - DEBUG - Consumed CSV message: {'timestamp': '2025-01-01 15:00:00', 'temperature': 70.4}
2025-09-11 13:59:08,090 - DEBUG - Consumed CSV message: {'timestamp': '2025-01-01 15:01:00', 'temperature': 70.8}
2025-09-11 13:59:08,090 - DEBUG - Consumed CSV message: {'timestamp': '2025-01-01 15:02:00', 'temperature': 71.2}
2025-09-11 13:59:08,098 - DEBUG - Consumed CSV message: {'timestamp': '2025-01-01 15:03:00', 'temperature': 71.5}
2025-09-11 13:59:08,099 - DEBUG - Consumed CSV message: {'timestamp': '2025-01-01 15:00:00', 'temperature': 70.4}
2025-09-11 13:59:08,099 - DEBUG - Consumed CSV message: {'timestamp': '2025-01-01 15:01:00', 'temperature': 70.8}
2025-09-11 13:59:08,105 - DEBUG - Consumed CSV message: {'timestamp': '2025-01-01 15:02:00', 'temperature': 71.2}
2025-09-11 13:59:08,105 - DEBUG - poll: fetched records: {}, False
2025-09-11 13:59:08,105 - DEBUG - poll: Sending fetches
2025-09-11 13:59:08,105 - DEBUG - Adding fetch request for partition TopicPartition(topic='anjana_csv_topic', partition=0) at offset 41
2025-09-11 13:59:08,106 - DEBUG - Building incremental partitions from next: {TopicPartition(topic='anjana_csv_topic', partition=0)}, previous: {TopicPartition(topic='anjana_csv_topic', partition=0)}
2025-09-11 13:59:08,106 - DEBUG - Built incremental fetch <kafka.consumer.fetcher.FetchMetadata object at 0x000001AA391CD600> for node 1. Added set(), altered {TopicPartition(topic='anjana_csv_topic', partition=0)}, removed set() out of odict_keys([TopicPartition(topic='anjana_csv_topic', partition=0)])
2025-09-11 13:59:08,106 - DEBUG - Sending FetchRequest to node 1
2025-09-11 13:59:08,106 - DEBUG - Sending request FetchRequest_v10(replica_id=-1, max_wait_time=500, min_bytes=1, max_bytes=52428800, isolation_level=0, session_id=973445610, session_epoch=1, topics=[(topic='anjana_csv_topic', partitions=[(partition=0, current_leader_epoch=-1, fetch_offset=41, log_start_offset=-1, max_bytes=1048576)])], forgotten_topics_data=[])
2025-09-11 13:59:08,106 - DEBUG - <BrokerConnection client_id=kafka-python-2.2.15, node_id=1 host=localhost:9092 <connected> [IPv6 ('::1', 9092, 0, 0)]>: Request 4 (timeout_ms 305000): FetchRequest_v10(replica_id=-1, max_wait_time=500, min_bytes=1, max_bytes=52428800, isolation_level=0, session_id=973445610, session_epoch=1, topics=[(topic='anjana_csv_topic', partitions=[(partition=0, current_leader_epoch=-1, fetch_offset=41, log_start_offset=-1, max_bytes=1048576)])], forgotten_topics_data=[])
2025-09-11 13:59:08,106 - DEBUG - Timeouts: user 0.000000, metadata 299974.025146, idle connection 536958.000000, request 305000.000000
2025-09-11 13:59:08,106 - DEBUG - Timeouts: user 2975.000000, metadata 299974.025146, idle connection 536958.000000, request 305000.000000
2025-09-11 13:59:08,569 - DEBUG - Received correlation id: 4
2025-09-11 13:59:08,569 - DEBUG - Processing response FetchResponse_v10
2025-09-11 13:59:08,569 - DEBUG - <BrokerConnection client_id=kafka-python-2.2.15, node_id=1 host=localhost:9092 <connected> [IPv6 ('::1', 9092, 0, 0)]>: Response 4 (463.01937103271484 ms): FetchResponse_v10(throttle_time_ms=0, error_code=0, session_id=973445610, topics=[])
2025-09-11 13:59:08,569 - DEBUG - Node 1 sent an incremental fetch response for session 973445610 with 0 response partitions (1 implied)
2025-09-11 13:59:08,569 - DEBUG - poll: fetched records: {}, False
2025-09-11 13:59:08,569 - DEBUG - poll: Sending fetches
2025-09-11 13:59:08,569 - DEBUG - Adding fetch request for partition TopicPartition(topic='anjana_csv_topic', partition=0) at offset 41
2025-09-11 13:59:08,569 - DEBUG - Building incremental partitions from next: {TopicPartition(topic='anjana_csv_topic', partition=0)}, previous: {TopicPartition(topic='anjana_csv_topic', partition=0)}
2025-09-11 13:59:08,569 - DEBUG - Built incremental fetch <kafka.consumer.fetcher.FetchMetadata object at 0x000001AA391CD210> for node 1. Added set(), altered set(), removed set() out of odict_keys([TopicPartition(topic='anjana_csv_topic', partition=0)])
2025-09-11 13:59:08,569 - DEBUG - Sending FetchRequest to node 1
2025-09-11 13:59:08,570 - DEBUG - Sending request FetchRequest_v10(replica_id=-1, max_wait_time=500, min_bytes=1, max_bytes=52428800, isolation_level=0, session_id=973445610, session_epoch=2, topics=[], forgotten_topics_data=[])
2025-09-11 13:59:08,570 - DEBUG - <BrokerConnection client_id=kafka-python-2.2.15, node_id=1 host=localhost:9092 <connected> [IPv6 ('::1', 9092, 0, 0)]>: Request 5 (timeout_ms 305000): FetchRequest_v10(replica_id=-1, max_wait_time=500, min_bytes=1, max_bytes=52428800, isolation_level=0, session_id=973445610, session_epoch=2, topics=[], forgotten_topics_data=[])
2025-09-11 13:59:08,570 - DEBUG - Timeouts: user 0.000000, metadata 299509.988037, idle connection 536494.000000, request 305000.000000
2025-09-11 13:59:08,570 - DEBUG - Timeouts: user 2511.000000, metadata 299509.988037, idle connection 536494.000000, request 305000.000000
2025-09-11 13:59:09,032 - DEBUG - Received correlation id: 5
2025-09-11 13:59:09,032 - DEBUG - Processing response FetchResponse_v10
2025-09-11 13:59:09,032 - DEBUG - <BrokerConnection client_id=kafka-python-2.2.15, node_id=1 host=localhost:9092 <connected> [IPv6 ('::1', 9092, 0, 0)]>: Response 5 (462.31651306152344 ms): FetchResponse_v10(throttle_time_ms=0, error_code=0, session_id=973445610, topics=[])
2025-09-11 13:59:09,032 - DEBUG - Node 1 sent an incremental fetch response for session 973445610 with 0 response partitions (1 implied)
2025-09-11 13:59:09,032 - DEBUG - poll: fetched records: {}, False
2025-09-11 13:59:09,032 - DEBUG - poll: Sending fetches
2025-09-11 13:59:09,032 - DEBUG - Adding fetch request for partition TopicPartition(topic='anjana_csv_topic', partition=0) at offset 41
2025-09-11 13:59:09,032 - DEBUG - Building incremental partitions from next: {TopicPartition(topic='anjana_csv_topic', partition=0)}, previous: {TopicPartition(topic='anjana_csv_topic', partition=0)}
2025-09-11 13:59:09,032 - DEBUG - Built incremental fetch <kafka.consumer.fetcher.FetchMetadata object at 0x000001AA391CD5A0> for node 1. Added set(), altered set(), removed set() out of odict_keys([TopicPartition(topic='anjana_csv_topic', partition=0)])
2025-09-11 13:59:09,032 - DEBUG - Sending FetchRequest to node 1
2025-09-11 13:59:09,032 - DEBUG - Sending request FetchRequest_v10(replica_id=-1, max_wait_time=500, min_bytes=1, max_bytes=52428800, isolation_level=0, session_id=973445610, session_epoch=3, topics=[], forgotten_topics_data=[])
2025-09-11 13:59:09,033 - DEBUG - <BrokerConnection client_id=kafka-python-2.2.15, node_id=1 host=localhost:9092 <connected> [IPv6 ('::1', 9092, 0, 0)]>: Request 6 (timeout_ms 305000): FetchRequest_v10(replica_id=-1, max_wait_time=500, min_bytes=1, max_bytes=52428800, isolation_level=0, session_id=973445610, session_epoch=3, topics=[], forgotten_topics_data=[])
2025-09-11 13:59:09,033 - DEBUG - Timeouts: user 0.000000, metadata 299046.676270, idle connection 536031.000000, request 305000.000000
2025-09-11 13:59:09,033 - DEBUG - Timeouts: user 2047.000000, metadata 299046.676270, idle connection 536031.000000, request 305000.000000
2025-09-11 13:59:09,496 - DEBUG - Received correlation id: 6
2025-09-11 13:59:09,496 - DEBUG - Processing response FetchResponse_v10
2025-09-11 13:59:09,496 - DEBUG - <BrokerConnection client_id=kafka-python-2.2.15, node_id=1 host=localhost:9092 <connected> [IPv6 ('::1', 9092, 0, 0)]>: Response 6 (462.5821113586426 ms): FetchResponse_v10(throttle_time_ms=0, error_code=0, session_id=973445610, topics=[])
2025-09-11 13:59:09,496 - DEBUG - Node 1 sent an incremental fetch response for session 973445610 with 0 response partitions (1 implied)
2025-09-11 13:59:09,496 - DEBUG - poll: fetched records: {}, False
2025-09-11 13:59:09,496 - DEBUG - poll: Sending fetches
2025-09-11 13:59:09,496 - DEBUG - Adding fetch request for partition TopicPartition(topic='anjana_csv_topic', partition=0) at offset 41
2025-09-11 13:59:09,496 - DEBUG - Building incremental partitions from next: {TopicPartition(topic='anjana_csv_topic', partition=0)}, previous: {TopicPartition(topic='anjana_csv_topic', partition=0)}
2025-09-11 13:59:09,496 - DEBUG - Built incremental fetch <kafka.consumer.fetcher.FetchMetadata object at 0x000001AA391CD600> for node 1. Added set(), altered set(), removed set() out of odict_keys([TopicPartition(topic='anjana_csv_topic', partition=0)])
2025-09-11 13:59:09,496 - DEBUG - Sending FetchRequest to node 1
2025-09-11 13:59:09,496 - DEBUG - Sending request FetchRequest_v10(replica_id=-1, max_wait_time=500, min_bytes=1, max_bytes=52428800, isolation_level=0, session_id=973445610, session_epoch=4, topics=[], forgotten_topics_data=[])
2025-09-11 13:59:09,496 - DEBUG - <BrokerConnection client_id=kafka-python-2.2.15, node_id=1 host=localhost:9092 <connected> [IPv6 ('::1', 9092, 0, 0)]>: Request 7 (timeout_ms 305000): FetchRequest_v10(replica_id=-1, max_wait_time=500, min_bytes=1, max_bytes=52428800, isolation_level=0, session_id=973445610, session_epoch=4, topics=[], forgotten_topics_data=[])
2025-09-11 13:59:09,497 - DEBUG - Timeouts: user 0.000000, metadata 298583.083252, idle connection 535567.000000, request 305000.000000
2025-09-11 13:59:09,497 - DEBUG - Timeouts: user 1584.000000, metadata 298583.083252, idle connection 535567.000000, request 305000.000000
2025-09-11 13:59:09,958 - DEBUG - Received correlation id: 7
2025-09-11 13:59:09,958 - DEBUG - Processing response FetchResponse_v10
2025-09-11 13:59:09,958 - DEBUG - <BrokerConnection client_id=kafka-python-2.2.15, node_id=1 host=localhost:9092 <connected> [IPv6 ('::1', 9092, 0, 0)]>: Response 7 (461.7304801940918 ms): FetchResponse_v10(throttle_time_ms=0, error_code=0, session_id=973445610, topics=[])
2025-09-11 13:59:09,958 - DEBUG - Node 1 sent an incremental fetch response for session 973445610 with 0 response partitions (1 implied)
2025-09-11 13:59:09,958 - DEBUG - poll: fetched records: {}, False
2025-09-11 13:59:09,958 - DEBUG - poll: Sending fetches
2025-09-11 13:59:09,958 - DEBUG - Adding fetch request for partition TopicPartition(topic='anjana_csv_topic', partition=0) at offset 41
2025-09-11 13:59:09,958 - DEBUG - Building incremental partitions from next: {TopicPartition(topic='anjana_csv_topic', partition=0)}, previous: {TopicPartition(topic='anjana_csv_topic', partition=0)}
2025-09-11 13:59:09,958 - DEBUG - Built incremental fetch <kafka.consumer.fetcher.FetchMetadata object at 0x000001AA391CD210> for node 1. Added set(), altered set(), removed set() out of odict_keys([TopicPartition(topic='anjana_csv_topic', partition=0)])
2025-09-11 13:59:09,958 - DEBUG - Sending FetchRequest to node 1
2025-09-11 13:59:09,959 - DEBUG - Sending request FetchRequest_v10(replica_id=-1, max_wait_time=500, min_bytes=1, max_bytes=52428800, isolation_level=0, session_id=973445610, session_epoch=5, topics=[], forgotten_topics_data=[])
2025-09-11 13:59:09,959 - DEBUG - <BrokerConnection client_id=kafka-python-2.2.15, node_id=1 host=localhost:9092 <connected> [IPv6 ('::1', 9092, 0, 0)]>: Request 8 (timeout_ms 305000): FetchRequest_v10(replica_id=-1, max_wait_time=500, min_bytes=1, max_bytes=52428800, isolation_level=0, session_id=973445610, session_epoch=5, topics=[], forgotten_topics_data=[])
2025-09-11 13:59:09,959 - DEBUG - Timeouts: user 0.000000, metadata 298120.316895, idle connection 535104.000000, request 305000.000000
2025-09-11 13:59:09,959 - DEBUG - Timeouts: user 1121.000000, metadata 298120.316895, idle connection 535104.000000, request 305000.000000
2025-09-11 13:59:10,425 - WARNING - Consumer interrupted by user.
2025-09-11 13:59:10,425 - DEBUG - Closing the KafkaConsumer.
2025-09-11 13:59:10,425 - DEBUG - Sending offset-commit request with {TopicPartition(topic='anjana_csv_topic', partition=0): OffsetAndMetadata(offset=41, metadata='', leader_epoch=-1)} for group csv-group-anjana to coordinator-1
2025-09-11 13:59:10,425 - DEBUG - Sending request OffsetCommitRequest_v6(consumer_group='csv-group-anjana', consumer_group_generation_id=3, consumer_id='kafka-python-2.2.15-7dae1057-34f1-4ebe-963f-7a4889616148', topics=[(topic='anjana_csv_topic', partitions=[(partition=0, offset=41, leader_epoch=-1, metadata='')])])
2025-09-11 13:59:10,426 - DEBUG - <BrokerConnection client_id=kafka-python-2.2.15, node_id=coordinator-1 host=localhost:9092 <connected> [IPv6 ('::1', 9092, 0, 0)]>: Request 5 (timeout_ms 305000): OffsetCommitRequest_v6(consumer_group='csv-group-anjana', consumer_group_generation_id=3, consumer_id='kafka-python-2.2.15-7dae1057-34f1-4ebe-963f-7a4889616148', topics=[(topic='anjana_csv_topic', partitions=[(partition=0, offset=41, leader_epoch=-1, metadata='')])])
2025-09-11 13:59:10,426 - DEBUG - Timeouts: user 305000.000000, metadata 297653.906250, idle connection 534638.000000, request 304533.589363
2025-09-11 13:59:10,426 - DEBUG - Received correlation id: 8
2025-09-11 13:59:10,427 - DEBUG - Processing response FetchResponse_v10
2025-09-11 13:59:10,427 - DEBUG - <BrokerConnection client_id=kafka-python-2.2.15, node_id=1 host=localhost:9092 <connected> [IPv6 ('::1', 9092, 0, 0)]>: Response 8 (467.42796897888184 ms): FetchResponse_v10(throttle_time_ms=0, error_code=0, session_id=973445610, topics=[])
2025-09-11 13:59:10,427 - DEBUG - Node 1 sent an incremental fetch response for session 973445610 with 0 response partitions (1 implied)
2025-09-11 13:59:10,427 - DEBUG - Timeouts: user 305000.000000, metadata 297652.888916, idle connection 534637.000000, request 304998.982668
2025-09-11 13:59:10,430 - DEBUG - Received correlation id: 5
2025-09-11 13:59:10,430 - DEBUG - Processing response OffsetCommitResponse_v6
2025-09-11 13:59:10,430 - DEBUG - <BrokerConnection client_id=kafka-python-2.2.15, node_id=coordinator-1 host=localhost:9092 <connected> [IPv6 ('::1', 9092, 0, 0)]>: Response 5 (4.000186920166016 ms): OffsetCommitResponse_v6(throttle_time_ms=0, topics=[(topic='anjana_csv_topic', partitions=[(partition=0, error_code=0)])])
2025-09-11 13:59:10,430 - DEBUG - Received OffsetCommitResponse: OffsetCommitResponse_v6(throttle_time_ms=0, topics=[(topic='anjana_csv_topic', partitions=[(partition=0, error_code=0)])])
2025-09-11 13:59:10,430 - DEBUG - Group csv-group-anjana committed offset OffsetAndMetadata(offset=41, metadata='', leader_epoch=-1) for partition TopicPartition(topic='anjana_csv_topic', partition=0)
2025-09-11 13:59:10,430 - INFO - Stopping heartbeat thread
2025-09-11 13:59:10,430 - DEBUG - Heartbeat thread closed
2025-09-11 13:59:10,430 - INFO - Leaving consumer group (csv-group-anjana).
2025-09-11 13:59:10,431 - DEBUG - Sending LeaveGroupRequest to coordinator-1: LeaveGroupRequest_v2(group='csv-group-anjana', member_id='kafka-python-2.2.15-7dae1057-34f1-4ebe-963f-7a4889616148')
2025-09-11 13:59:10,431 - DEBUG - Sending request LeaveGroupRequest_v2(group='csv-group-anjana', member_id='kafka-python-2.2.15-7dae1057-34f1-4ebe-963f-7a4889616148')
2025-09-11 13:59:10,431 - DEBUG - <BrokerConnection client_id=kafka-python-2.2.15, node_id=coordinator-1 host=localhost:9092 <connected> [IPv6 ('::1', 9092, 0, 0)]>: Request 6 (timeout_ms 305000): LeaveGroupRequest_v2(group='csv-group-anjana', member_id='kafka-python-2.2.15-7dae1057-34f1-4ebe-963f-7a4889616148')
2025-09-11 13:59:10,431 - DEBUG - Timeouts: user 305000.000000, metadata 297648.906250, idle connection 534633.000000, request 305000.000000
2025-09-11 13:59:10,431 - DEBUG - Timeouts: user 305000.000000, metadata 297648.906250, idle connection 534633.000000, request 305000.000000
2025-09-11 13:59:10,434 - DEBUG - Received correlation id: 6
2025-09-11 13:59:10,434 - DEBUG - Processing response LeaveGroupResponse_v2
2025-09-11 13:59:10,434 - DEBUG - <BrokerConnection client_id=kafka-python-2.2.15, node_id=coordinator-1 host=localhost:9092 <connected> [IPv6 ('::1', 9092, 0, 0)]>: Response 6 (3.000974655151367 ms): LeaveGroupResponse_v2(throttle_time_ms=0, error_code=0)
2025-09-11 13:59:10,434 - DEBUG - Received LeaveGroupResponse: LeaveGroupResponse_v2(throttle_time_ms=0, error_code=0)
2025-09-11 13:59:10,435 - INFO - LeaveGroup request for group csv-group-anjana returned successfully
2025-09-11 13:59:10,435 - INFO - <BrokerConnection client_id=kafka-python-2.2.15, node_id=1 host=localhost:9092 <connected> [IPv6 ('::1', 9092, 0, 0)]>: Closing connection. 
2025-09-11 13:59:10,435 - INFO - <BrokerConnection client_id=kafka-python-2.2.15, node_id=coordinator-1 host=localhost:9092 <connected> [IPv6 ('::1', 9092, 0, 0)]>: Closing connection. 
2025-09-11 13:59:10,436 - DEBUG - The KafkaConsumer has closed.
2025-09-11 13:59:10,438 - INFO - Kafka consumer closed.
